2023-07-12 15:53:41,926 [INFO] com.example.springBoot_crud.SpringBootCrudApplication [main] Starting SpringBootCrudApplication using Java 19.0.2 on Sathya-514 with PID 14948 (D:\New folder\springBoot_crud\target\classes started by sathya.baburamk in D:\New folder\springBoot_crud) 
2023-07-12 15:53:41,934 [INFO] com.example.springBoot_crud.SpringBootCrudApplication [main] No active profile set, falling back to 1 default profile: "default" 
2023-07-12 15:53:42,618 [INFO] org.springframework.data.repository.config.RepositoryConfigurationDelegate [main] Bootstrapping Spring Data JPA repositories in DEFAULT mode. 
2023-07-12 15:53:42,690 [INFO] org.springframework.data.repository.config.RepositoryConfigurationDelegate [main] Finished Spring Data repository scanning in 59 ms. Found 2 JPA repository interfaces. 
2023-07-12 15:53:43,428 [INFO] org.springframework.boot.web.embedded.tomcat.TomcatWebServer [main] Tomcat initialized with port(s): 8080 (http) 
2023-07-12 15:53:43,437 [INFO] org.apache.catalina.core.StandardService [main] Starting service [Tomcat] 
2023-07-12 15:53:43,438 [INFO] org.apache.catalina.core.StandardEngine [main] Starting Servlet engine: [Apache Tomcat/9.0.75] 
2023-07-12 15:53:43,569 [INFO] org.apache.catalina.core.ContainerBase.[Tomcat].[localhost].[/] [main] Initializing Spring embedded WebApplicationContext 
2023-07-12 15:53:43,570 [INFO] org.springframework.boot.web.servlet.context.ServletWebServerApplicationContext [main] Root WebApplicationContext: initialization completed in 1575 ms 
2023-07-12 15:53:43,803 [INFO] org.hibernate.jpa.internal.util.LogHelper [main] HHH000204: Processing PersistenceUnitInfo [name: default] 
2023-07-12 15:53:43,844 [INFO] org.hibernate.Version [main] HHH000412: Hibernate ORM core version 5.6.15.Final 
2023-07-12 15:53:43,993 [INFO] org.hibernate.annotations.common.Version [main] HCANN000001: Hibernate Commons Annotations {5.1.2.Final} 
2023-07-12 15:53:44,083 [INFO] com.zaxxer.hikari.HikariDataSource [main] HikariPool-1 - Starting... 
2023-07-12 15:53:44,303 [INFO] com.zaxxer.hikari.HikariDataSource [main] HikariPool-1 - Start completed. 
2023-07-12 15:53:44,337 [INFO] org.hibernate.dialect.Dialect [main] HHH000400: Using dialect: org.hibernate.dialect.PostgreSQLDialect 
2023-07-12 15:53:45,498 [INFO] org.hibernate.engine.transaction.jta.platform.internal.JtaPlatformInitiator [main] HHH000490: Using JtaPlatform implementation: [org.hibernate.engine.transaction.jta.platform.internal.NoJtaPlatform] 
2023-07-12 15:53:45,506 [INFO] org.springframework.orm.jpa.LocalContainerEntityManagerFactoryBean [main] Initialized JPA EntityManagerFactory for persistence unit 'default' 
2023-07-12 15:53:46,015 [WARN] org.springframework.boot.autoconfigure.orm.jpa.JpaBaseConfiguration$JpaWebConfiguration [main] spring.jpa.open-in-view is enabled by default. Therefore, database queries may be performed during view rendering. Explicitly configure spring.jpa.open-in-view to disable this warning 
2023-07-12 15:53:46,422 [INFO] org.springframework.boot.web.embedded.tomcat.TomcatWebServer [main] Tomcat started on port(s): 8080 (http) with context path '' 
2023-07-12 15:53:46,433 [INFO] com.example.springBoot_crud.SpringBootCrudApplication [main] Started SpringBootCrudApplication in 4.93 seconds (JVM running for 5.404) 
2023-07-12 15:53:59,972 [INFO] org.apache.catalina.core.ContainerBase.[Tomcat].[localhost].[/] [http-nio-8080-exec-2] Initializing Spring DispatcherServlet 'dispatcherServlet' 
2023-07-12 15:53:59,972 [INFO] org.springframework.web.servlet.DispatcherServlet [http-nio-8080-exec-2] Initializing Servlet 'dispatcherServlet' 
2023-07-12 15:53:59,974 [INFO] org.springframework.web.servlet.DispatcherServlet [http-nio-8080-exec-2] Completed initialization in 1 ms 
2023-07-12 15:54:00,082 [INFO] com.example.springBoot_crud.Employee.controllers.AuthenticationController [http-nio-8080-exec-2] user trying to login with the emailviji@gmail.com 
2023-07-12 15:55:01,236 [INFO] org.springframework.orm.jpa.LocalContainerEntityManagerFactoryBean [SpringApplicationShutdownHook] Closing JPA EntityManagerFactory for persistence unit 'default' 
2023-07-12 15:55:01,237 [INFO] com.zaxxer.hikari.HikariDataSource [SpringApplicationShutdownHook] HikariPool-1 - Shutdown initiated... 
2023-07-12 15:55:01,243 [INFO] com.zaxxer.hikari.HikariDataSource [SpringApplicationShutdownHook] HikariPool-1 - Shutdown completed. 
2023-07-12 15:55:10,422 [INFO] com.example.springBoot_crud.SpringBootCrudApplication [main] Starting SpringBootCrudApplication using Java 19.0.2 on Sathya-514 with PID 18400 (D:\New folder\springBoot_crud\target\classes started by sathya.baburamk in D:\New folder\springBoot_crud) 
2023-07-12 15:55:10,425 [INFO] com.example.springBoot_crud.SpringBootCrudApplication [main] No active profile set, falling back to 1 default profile: "default" 
2023-07-12 15:55:11,115 [INFO] org.springframework.data.repository.config.RepositoryConfigurationDelegate [main] Bootstrapping Spring Data JPA repositories in DEFAULT mode. 
2023-07-12 15:55:11,194 [INFO] org.springframework.data.repository.config.RepositoryConfigurationDelegate [main] Finished Spring Data repository scanning in 64 ms. Found 2 JPA repository interfaces. 
2023-07-12 15:55:11,930 [INFO] org.springframework.boot.web.embedded.tomcat.TomcatWebServer [main] Tomcat initialized with port(s): 8080 (http) 
2023-07-12 15:55:11,939 [INFO] org.apache.catalina.core.StandardService [main] Starting service [Tomcat] 
2023-07-12 15:55:11,940 [INFO] org.apache.catalina.core.StandardEngine [main] Starting Servlet engine: [Apache Tomcat/9.0.75] 
2023-07-12 15:55:12,072 [INFO] org.apache.catalina.core.ContainerBase.[Tomcat].[localhost].[/] [main] Initializing Spring embedded WebApplicationContext 
2023-07-12 15:55:12,073 [INFO] org.springframework.boot.web.servlet.context.ServletWebServerApplicationContext [main] Root WebApplicationContext: initialization completed in 1586 ms 
2023-07-12 15:55:12,315 [INFO] org.hibernate.jpa.internal.util.LogHelper [main] HHH000204: Processing PersistenceUnitInfo [name: default] 
2023-07-12 15:55:12,361 [INFO] org.hibernate.Version [main] HHH000412: Hibernate ORM core version 5.6.15.Final 
2023-07-12 15:55:12,544 [INFO] org.hibernate.annotations.common.Version [main] HCANN000001: Hibernate Commons Annotations {5.1.2.Final} 
2023-07-12 15:55:12,628 [INFO] com.zaxxer.hikari.HikariDataSource [main] HikariPool-1 - Starting... 
2023-07-12 15:55:12,858 [INFO] com.zaxxer.hikari.HikariDataSource [main] HikariPool-1 - Start completed. 
2023-07-12 15:55:12,886 [INFO] org.hibernate.dialect.Dialect [main] HHH000400: Using dialect: org.hibernate.dialect.PostgreSQLDialect 
2023-07-12 15:55:13,960 [INFO] org.hibernate.engine.transaction.jta.platform.internal.JtaPlatformInitiator [main] HHH000490: Using JtaPlatform implementation: [org.hibernate.engine.transaction.jta.platform.internal.NoJtaPlatform] 
2023-07-12 15:55:13,968 [INFO] org.springframework.orm.jpa.LocalContainerEntityManagerFactoryBean [main] Initialized JPA EntityManagerFactory for persistence unit 'default' 
2023-07-12 15:55:14,464 [WARN] org.springframework.boot.autoconfigure.orm.jpa.JpaBaseConfiguration$JpaWebConfiguration [main] spring.jpa.open-in-view is enabled by default. Therefore, database queries may be performed during view rendering. Explicitly configure spring.jpa.open-in-view to disable this warning 
2023-07-12 15:55:14,844 [INFO] org.springframework.boot.web.embedded.tomcat.TomcatWebServer [main] Tomcat started on port(s): 8080 (http) with context path '' 
2023-07-12 15:55:14,853 [INFO] com.example.springBoot_crud.SpringBootCrudApplication [main] Started SpringBootCrudApplication in 4.863 seconds (JVM running for 5.33) 
2023-07-12 15:55:28,444 [INFO] org.apache.catalina.core.ContainerBase.[Tomcat].[localhost].[/] [http-nio-8080-exec-1] Initializing Spring DispatcherServlet 'dispatcherServlet' 
2023-07-12 15:55:28,444 [INFO] org.springframework.web.servlet.DispatcherServlet [http-nio-8080-exec-1] Initializing Servlet 'dispatcherServlet' 
2023-07-12 15:55:28,446 [INFO] org.springframework.web.servlet.DispatcherServlet [http-nio-8080-exec-1] Completed initialization in 1 ms 
2023-07-12 15:55:28,562 [INFO] com.example.springBoot_crud.Employee.controllers.AuthenticationController [http-nio-8080-exec-1] user trying to login with the emailviji@gmail.com 
2023-07-12 15:58:53,690 [INFO] org.springframework.orm.jpa.LocalContainerEntityManagerFactoryBean [SpringApplicationShutdownHook] Closing JPA EntityManagerFactory for persistence unit 'default' 
2023-07-12 15:58:53,691 [INFO] com.zaxxer.hikari.HikariDataSource [SpringApplicationShutdownHook] HikariPool-1 - Shutdown initiated... 
2023-07-12 15:58:53,697 [INFO] com.zaxxer.hikari.HikariDataSource [SpringApplicationShutdownHook] HikariPool-1 - Shutdown completed. 
2023-07-12 15:59:01,104 [INFO] com.example.springBoot_crud.SpringBootCrudApplication [main] Starting SpringBootCrudApplication using Java 19.0.2 on Sathya-514 with PID 20968 (D:\New folder\springBoot_crud\target\classes started by sathya.baburamk in D:\New folder\springBoot_crud) 
2023-07-12 15:59:01,107 [INFO] com.example.springBoot_crud.SpringBootCrudApplication [main] No active profile set, falling back to 1 default profile: "default" 
2023-07-12 15:59:01,812 [INFO] org.springframework.data.repository.config.RepositoryConfigurationDelegate [main] Bootstrapping Spring Data JPA repositories in DEFAULT mode. 
2023-07-12 15:59:01,877 [INFO] org.springframework.data.repository.config.RepositoryConfigurationDelegate [main] Finished Spring Data repository scanning in 55 ms. Found 2 JPA repository interfaces. 
2023-07-12 15:59:02,636 [INFO] org.springframework.boot.web.embedded.tomcat.TomcatWebServer [main] Tomcat initialized with port(s): 8080 (http) 
2023-07-12 15:59:02,646 [INFO] org.apache.catalina.core.StandardService [main] Starting service [Tomcat] 
2023-07-12 15:59:02,646 [INFO] org.apache.catalina.core.StandardEngine [main] Starting Servlet engine: [Apache Tomcat/9.0.75] 
2023-07-12 15:59:02,787 [INFO] org.apache.catalina.core.ContainerBase.[Tomcat].[localhost].[/] [main] Initializing Spring embedded WebApplicationContext 
2023-07-12 15:59:02,788 [INFO] org.springframework.boot.web.servlet.context.ServletWebServerApplicationContext [main] Root WebApplicationContext: initialization completed in 1620 ms 
2023-07-12 15:59:03,040 [INFO] org.hibernate.jpa.internal.util.LogHelper [main] HHH000204: Processing PersistenceUnitInfo [name: default] 
2023-07-12 15:59:03,083 [INFO] org.hibernate.Version [main] HHH000412: Hibernate ORM core version 5.6.15.Final 
2023-07-12 15:59:03,263 [INFO] org.hibernate.annotations.common.Version [main] HCANN000001: Hibernate Commons Annotations {5.1.2.Final} 
2023-07-12 15:59:03,352 [INFO] com.zaxxer.hikari.HikariDataSource [main] HikariPool-1 - Starting... 
2023-07-12 15:59:03,696 [INFO] com.zaxxer.hikari.HikariDataSource [main] HikariPool-1 - Start completed. 
2023-07-12 15:59:03,727 [INFO] org.hibernate.dialect.Dialect [main] HHH000400: Using dialect: org.hibernate.dialect.PostgreSQLDialect 
2023-07-12 15:59:04,816 [INFO] org.hibernate.engine.transaction.jta.platform.internal.JtaPlatformInitiator [main] HHH000490: Using JtaPlatform implementation: [org.hibernate.engine.transaction.jta.platform.internal.NoJtaPlatform] 
2023-07-12 15:59:04,824 [INFO] org.springframework.orm.jpa.LocalContainerEntityManagerFactoryBean [main] Initialized JPA EntityManagerFactory for persistence unit 'default' 
2023-07-12 15:59:05,313 [WARN] org.springframework.boot.autoconfigure.orm.jpa.JpaBaseConfiguration$JpaWebConfiguration [main] spring.jpa.open-in-view is enabled by default. Therefore, database queries may be performed during view rendering. Explicitly configure spring.jpa.open-in-view to disable this warning 
2023-07-12 15:59:05,696 [INFO] org.springframework.boot.web.embedded.tomcat.TomcatWebServer [main] Tomcat started on port(s): 8080 (http) with context path '' 
2023-07-12 15:59:05,706 [INFO] com.example.springBoot_crud.SpringBootCrudApplication [main] Started SpringBootCrudApplication in 5.044 seconds (JVM running for 5.506) 
2023-07-12 16:02:16,399 [INFO] org.springframework.orm.jpa.LocalContainerEntityManagerFactoryBean [SpringApplicationShutdownHook] Closing JPA EntityManagerFactory for persistence unit 'default' 
2023-07-12 16:02:16,401 [INFO] com.zaxxer.hikari.HikariDataSource [SpringApplicationShutdownHook] HikariPool-1 - Shutdown initiated... 
2023-07-12 16:02:16,408 [INFO] com.zaxxer.hikari.HikariDataSource [SpringApplicationShutdownHook] HikariPool-1 - Shutdown completed. 
2023-07-12 16:02:24,296 [INFO] com.example.springBoot_crud.SpringBootCrudApplication [main] Starting SpringBootCrudApplication using Java 19.0.2 on Sathya-514 with PID 14744 (D:\New folder\springBoot_crud\target\classes started by sathya.baburamk in D:\New folder\springBoot_crud) 
2023-07-12 16:02:24,299 [INFO] com.example.springBoot_crud.SpringBootCrudApplication [main] No active profile set, falling back to 1 default profile: "default" 
2023-07-12 16:02:25,010 [INFO] org.springframework.data.repository.config.RepositoryConfigurationDelegate [main] Bootstrapping Spring Data JPA repositories in DEFAULT mode. 
2023-07-12 16:02:25,083 [INFO] org.springframework.data.repository.config.RepositoryConfigurationDelegate [main] Finished Spring Data repository scanning in 60 ms. Found 2 JPA repository interfaces. 
2023-07-12 16:02:25,882 [INFO] org.springframework.boot.web.embedded.tomcat.TomcatWebServer [main] Tomcat initialized with port(s): 8080 (http) 
2023-07-12 16:02:25,892 [INFO] org.apache.catalina.core.StandardService [main] Starting service [Tomcat] 
2023-07-12 16:02:25,892 [INFO] org.apache.catalina.core.StandardEngine [main] Starting Servlet engine: [Apache Tomcat/9.0.75] 
2023-07-12 16:02:26,025 [INFO] org.apache.catalina.core.ContainerBase.[Tomcat].[localhost].[/] [main] Initializing Spring embedded WebApplicationContext 
2023-07-12 16:02:26,026 [INFO] org.springframework.boot.web.servlet.context.ServletWebServerApplicationContext [main] Root WebApplicationContext: initialization completed in 1661 ms 
2023-07-12 16:02:26,269 [INFO] org.hibernate.jpa.internal.util.LogHelper [main] HHH000204: Processing PersistenceUnitInfo [name: default] 
2023-07-12 16:02:26,312 [INFO] org.hibernate.Version [main] HHH000412: Hibernate ORM core version 5.6.15.Final 
2023-07-12 16:02:26,475 [INFO] org.hibernate.annotations.common.Version [main] HCANN000001: Hibernate Commons Annotations {5.1.2.Final} 
2023-07-12 16:02:26,564 [INFO] com.zaxxer.hikari.HikariDataSource [main] HikariPool-1 - Starting... 
2023-07-12 16:02:26,815 [INFO] com.zaxxer.hikari.HikariDataSource [main] HikariPool-1 - Start completed. 
2023-07-12 16:02:26,862 [INFO] org.hibernate.dialect.Dialect [main] HHH000400: Using dialect: org.hibernate.dialect.PostgreSQLDialect 
2023-07-12 16:02:27,963 [INFO] org.hibernate.engine.transaction.jta.platform.internal.JtaPlatformInitiator [main] HHH000490: Using JtaPlatform implementation: [org.hibernate.engine.transaction.jta.platform.internal.NoJtaPlatform] 
2023-07-12 16:02:27,971 [INFO] org.springframework.orm.jpa.LocalContainerEntityManagerFactoryBean [main] Initialized JPA EntityManagerFactory for persistence unit 'default' 
2023-07-12 16:02:28,495 [WARN] org.springframework.boot.autoconfigure.orm.jpa.JpaBaseConfiguration$JpaWebConfiguration [main] spring.jpa.open-in-view is enabled by default. Therefore, database queries may be performed during view rendering. Explicitly configure spring.jpa.open-in-view to disable this warning 
2023-07-12 16:02:28,895 [INFO] org.springframework.boot.web.embedded.tomcat.TomcatWebServer [main] Tomcat started on port(s): 8080 (http) with context path '' 
2023-07-12 16:02:28,906 [INFO] com.example.springBoot_crud.SpringBootCrudApplication [main] Started SpringBootCrudApplication in 5.043 seconds (JVM running for 5.526) 
2023-07-12 16:02:58,867 [INFO] org.apache.catalina.core.ContainerBase.[Tomcat].[localhost].[/] [http-nio-8080-exec-1] Initializing Spring DispatcherServlet 'dispatcherServlet' 
2023-07-12 16:02:58,867 [INFO] org.springframework.web.servlet.DispatcherServlet [http-nio-8080-exec-1] Initializing Servlet 'dispatcherServlet' 
2023-07-12 16:02:58,868 [INFO] org.springframework.web.servlet.DispatcherServlet [http-nio-8080-exec-1] Completed initialization in 1 ms 
2023-07-12 16:02:58,996 [INFO] com.example.springBoot_crud.Employee.controllers.AuthenticationController [http-nio-8080-exec-1] user trying to login with the emailviji@gmail.com 
2023-07-12 16:07:30,194 [INFO] com.example.springBoot_crud.Employee.controllers.AuthenticationController [http-nio-8080-exec-7] user trying to login with the emailviji@gmail.com 
2023-07-12 16:07:50,096 [INFO] com.example.springBoot_crud.Employee.controllers.EmployeeController [http-nio-8080-exec-8] getting employee lists 
